p/1682586414678.jpg 1 0 0 119 47
p/1682586383013.jpg 1 0 0 105 51
p/1682586372341.jpg 1 0 0 110 53
p/1682586360078.jpg 1 0 0 98 43
p/1682586348930.jpg 1 0 0 112 36
p/1682586336570.jpg 1 0 0 98 33
p/1682586327283.jpg 1 0 0 88 41
p/1682586318280.jpg 1 0 0 98 36
p/1682586311140.jpg 1 0 0 102 36
p/1682586285851.jpg 1 0 0 98 31
p/1682586276007.jpg 1 0 0 88 46
p/1682586268346.jpg 1 0 0 89 42
p/1682586259018.jpg 1 0 0 100 28
p/1682586251620.jpg 1 0 0 97 29
p/1682586243384.jpg 1 0 0 90 36
p/1682586230213.jpg 1 0 0 118 36
p/1682586217720.jpg 1 0 0 155 68
p/1682586210148.jpg 1 0 0 159 94
p/1682586202474.jpg 1 0 0 154 73
p/1682586192529.jpg 1 0 0 163 75
p/1682586181178.jpg 1 0 0 158 59
p/1682586171715.jpg 1 0 0 157 54
p/1682586163163.jpg 1 0 0 150 43
p/1682586146037.jpg 1 0 0 152 60
p/1682586137273.jpg 1 0 0 135 62
p/1682586128954.jpg 1 0 0 135 54
p/1682586120624.jpg 1 0 0 106 46
p/1682586112459.jpg 1 0 0 139 47
p/1682586102716.jpg 1 0 0 135 44
p/1682586091031.jpg 1 0 0 139 47
p/1682586083586.jpg 1 0 0 130 35
p/1682586073700.jpg 1 0 0 125 70
p/1682586065048.jpg 1 0 0 120 64
p/1682585961782.jpg 1 0 0 129 56
p/1682585952827.jpg 1 0 0 124 53
p/1682585936834.jpg 1 0 0 138 39
p/1682585921706.jpg 1 0 0 132 40
p/1682585911527.jpg 1 0 0 131 38
p/1682585898266.jpg 1 0 0 103 40