p/1682067508238.jpg 1 0 0 80 80
p/1682067485868.jpg 1 0 0 78 78
p/1682067459806.jpg 1 0 0 78 78
p/1682067447579.jpg 1 0 0 73 73
p/1682067438740.jpg 1 0 0 80 80
p/1682067429563.jpg 1 0 0 76 76
p/1682067406896.jpg 1 0 0 63 63
p/1682067400077.jpg 1 0 0 64 64
p/1682067391670.jpg 1 0 0 60 60
p/1682067383168.jpg 1 0 0 67 67
p/1682067374529.jpg 1 0 0 68 68
p/1682067366578.jpg 1 0 0 64 64
p/1682067357572.jpg 1 0 0 66 66
p/1682067349262.jpg 1 0 0 62 62
p/1682067338487.jpg 1 0 0 70 70
p/1682067325362.jpg 1 0 0 66 66
p/1682067314580.jpg 1 0 0 76 76
p/1682067291462.jpg 1 0 0 67 67
p/1682067282448.jpg 1 0 0 65 65
p/1682067273251.jpg 1 0 0 64 64
p/1682067265832.jpg 1 0 0 69 69
p/1682067254562.jpg 1 0 0 71 71
p/1682067244894.jpg 1 0 0 63 63
p/1682067217318.jpg 1 0 0 60 60
p/1682067193577.jpg 1 0 0 61 61
p/1682067183225.jpg 1 0 0 76 76
p/1682067167486.jpg 1 0 0 72 72
p/1682067154959.jpg 1 0 0 79 79
p/1682067112838.jpg 1 0 0 66 66
p/1682067100799.jpg 1 0 0 63 63
p/1682067088683.jpg 1 0 0 72 72
p/1682067076166.jpg 1 0 0 66 66
p/1682067064763.jpg 1 0 0 64 64
p/1682067024741.jpg 1 0 0 72 72
p/1682067002413.jpg 1 0 0 76 76
p/1682066988572.jpg 1 0 0 75 75
p/1682066976386.jpg 1 0 0 69 69
p/1682066947283.jpg 1 0 0 57 57
p/1682066935806.jpg 1 0 0 71 71